[1483821318] collection.py:__init__(): C:\Users\mouse\Documents\Anki\ユーザー 1\collection.anki2, 2.0.38
[1483821318] sched.py:_updateCutoff(): 0, 1483902000
[1483821400] cards.py:flush(): {'crt': 1483821400, 'data': '', 'did': 1, 'due': 1, 'factor': 0, 'flags': 0, 'id': 1483821400484L, 'ivl': 0, 'lapses': 0, 'left': 0, 'mod': 1483821400, 'nid': 1483821333196L, 'odid': 0, 'odue': 0, 'ord': 0, 'queue': 0, 'reps': 0, 'type': 0, 'usn': -1}
[1483821413] sched.py:getCard(): {'data': u'', 'did': 1, 'due': 1, 'factor': 0, 'flags': 0, 'id': 1483821400484L, 'ivl': 0, 'lapses': 0, 'left': 0, 'mod': 1483821400, 'nid': 1483821333196L, 'odid': 0, 'odue': 0, 'ord': 0, 'queue': 0, 'reps': 0, 'type': 0, 'usn': -1}
[1483821430] sched.py:answerCard(): 
[1483821430] cards.py:flushSched(): {'data': u'', 'did': 1, 'due': 1483822136, 'factor': 0, 'flags': 0, 'id': 1483821400484L, 'ivl': 0, 'lapses': 0, 'left': 1001, 'mod': 1483821430, 'nid': 1483821333196L, 'odid': 0, 'odue': 0, 'ord': 0, 'queue': 1, 'reps': 1, 'type': 1, 'usn': -1, 'wasNew': True}
[1483821430] sched.py:getCard(): {'data': u'', 'did': 1, 'due': 1483822136, 'factor': 0, 'flags': 0, 'id': 1483821400484L, 'ivl': 0, 'lapses': 0, 'left': 1001, 'mod': 1483821430, 'nid': 1483821333196L, 'odid': 0, 'odue': 0, 'ord': 0, 'queue': 1, 'reps': 1, 'type': 1, 'usn': -1}
[1483821432] sched.py:answerCard(): 
[1483821432] cards.py:flushSched(): {'data': u'', 'did': 1, 'due': 1, 'factor': 2500, 'flags': 0, 'id': 1483821400484L, 'ivl': 1, 'lapses': 0, 'left': 1001, 'mod': 1483821432, 'nid': 1483821333196L, 'odid': 0, 'odue': 0, 'ord': 0, 'queue': 2, 'reps': 2, 'type': 2, 'usn': -1, 'wasNew': False}
[1483823160] cards.py:flush(): {'crt': 1483823160, 'data': '', 'did': 1, 'due': 3, 'factor': 0, 'flags': 0, 'id': 1483823160804L, 'ivl': 0, 'lapses': 0, 'left': 0, 'mod': 1483823160, 'nid': 1483823143662L, 'odid': 0, 'odue': 0, 'ord': 0, 'queue': 0, 'reps': 0, 'type': 0, 'usn': -1}
[1483823164] sched.py:getCard(): {'data': u'', 'did': 1, 'due': 3, 'factor': 0, 'flags': 0, 'id': 1483823160804L, 'ivl': 0, 'lapses': 0, 'left': 0, 'mod': 1483823160, 'nid': 1483823143662L, 'odid': 0, 'odue': 0, 'ord': 0, 'queue': 0, 'reps': 0, 'type': 0, 'usn': -1}
[1483823168] sched.py:answerCard(): 
[1483823168] cards.py:flushSched(): {'data': u'', 'did': 1, 'due': 3, 'factor': 2500, 'flags': 0, 'id': 1483823160804L, 'ivl': 3, 'lapses': 0, 'left': 2002, 'mod': 1483823168, 'nid': 1483823143662L, 'odid': 0, 'odue': 0, 'ord': 0, 'queue': 2, 'reps': 1, 'type': 2, 'usn': -1, 'wasNew': True}
[1483823256] sched.py:emptyDyn(): []
[1483823256] sched.py:_fillDyn(): 1483823256844L, [1483823160804L]
[1483823258] sched.py:getCard(): {'data': u'', 'did': 1483823256844L, 'due': -100000, 'factor': 2500, 'flags': 0, 'id': 1483823160804L, 'ivl': 3, 'lapses': 0, 'left': 2002, 'mod': 1483823168, 'nid': 1483823143662L, 'odid': 1, 'odue': 3, 'ord': 0, 'queue': 0, 'reps': 1, 'type': 2, 'usn': -1}
[1483823275] sched.py:answerCard(): 
[1483823275] cards.py:flushSched(): {'data': u'', 'did': 1, 'due': 3, 'factor': 2500, 'flags': 0, 'id': 1483823160804L, 'ivl': 3, 'lapses': 0, 'left': 1001, 'mod': 1483823275, 'nid': 1483823143662L, 'odid': 0, 'odue': 0, 'ord': 0, 'queue': 2, 'reps': 2, 'type': 2, 'usn': -1, 'wasNew': False}
[1483823280] sched.py:emptyDyn(): []
[1483823282] sched.py:emptyDyn(): []
[1483823283] sched.py:emptyDyn(): []
[1483823283] sched.py:_fillDyn(): 1483823256844L, [1483823160804L]
[1483823292] sched.py:emptyDyn(): [1483823160804L]
[1483823628] cards.py:flush(): {'crt': 1483823628, 'data': '', 'did': 1, 'due': 4, 'factor': 0, 'flags': 0, 'id': 1483823628719L, 'ivl': 0, 'lapses': 0, 'left': 0, 'mod': 1483823628, 'nid': 1483823599079L, 'odid': 0, 'odue': 0, 'ord': 0, 'queue': 0, 'reps': 0, 'type': 0, 'usn': -1}
[1483823639] sched.py:getCard(): {'data': u'', 'did': 1, 'due': 4, 'factor': 0, 'flags': 0, 'id': 1483823628719L, 'ivl': 0, 'lapses': 0, 'left': 0, 'mod': 1483823628, 'nid': 1483823599079L, 'odid': 0, 'odue': 0, 'ord': 0, 'queue': 0, 'reps': 0, 'type': 0, 'usn': -1}
[1483823655] sched.py:answerCard(): 
[1483823655] cards.py:flushSched(): {'data': u'', 'did': 1, 'due': 5, 'factor': 2500, 'flags': 0, 'id': 1483823628719L, 'ivl': 5, 'lapses': 0, 'left': 2002, 'mod': 1483823655, 'nid': 1483823599079L, 'odid': 0, 'odue': 0, 'ord': 0, 'queue': 2, 'reps': 1, 'type': 2, 'usn': -1, 'wasNew': True}
[1483823759] cards.py:flush(): {'crt': 1483823759, 'data': '', 'did': 1, 'due': 5, 'factor': 0, 'flags': 0, 'id': 1483823759885L, 'ivl': 0, 'lapses': 0, 'left': 0, 'mod': 1483823759, 'nid': 1483823742877L, 'odid': 0, 'odue': 0, 'ord': 0, 'queue': 0, 'reps': 0, 'type': 0, 'usn': -1}
[1483823765] sched.py:getCard(): {'data': u'', 'did': 1, 'due': 5, 'factor': 0, 'flags': 0, 'id': 1483823759885L, 'ivl': 0, 'lapses': 0, 'left': 0, 'mod': 1483823759, 'nid': 1483823742877L, 'odid': 0, 'odue': 0, 'ord': 0, 'queue': 0, 'reps': 0, 'type': 0, 'usn': -1}
[1483823986] cards.py:flush(): {'crt': 1483823986, 'data': '', 'did': 1, 'due': 6, 'factor': 0, 'flags': 0, 'id': 1483823986008L, 'ivl': 0, 'lapses': 0, 'left': 0, 'mod': 1483823986, 'nid': 1483823971457L, 'odid': 0, 'odue': 0, 'ord': 0, 'queue': 0, 'reps': 0, 'type': 0, 'usn': -1}
[1483823998] cards.py:flush(): {'crt': 1483823998, 'data': '', 'did': 1, 'due': 7, 'factor': 0, 'flags': 0, 'id': 1483823998994L, 'ivl': 0, 'lapses': 0, 'left': 0, 'mod': 1483823998, 'nid': 1483823986062L, 'odid': 0, 'odue': 0, 'ord': 0, 'queue': 0, 'reps': 0, 'type': 0, 'usn': -1}
[1483824003] sched.py:getCard(): {'data': u'', 'did': 1, 'due': 5, 'factor': 0, 'flags': 0, 'id': 1483823759885L, 'ivl': 0, 'lapses': 0, 'left': 0, 'mod': 1483823759, 'nid': 1483823742877L, 'odid': 0, 'odue': 0, 'ord': 0, 'queue': 0, 'reps': 0, 'type': 0, 'usn': -1}
[1483824015] sched.py:getCard(): {'data': u'', 'did': 1, 'due': 5, 'factor': 0, 'flags': 0, 'id': 1483823759885L, 'ivl': 0, 'lapses': 0, 'left': 0, 'mod': 1483823759, 'nid': 1483823742877L, 'odid': 0, 'odue': 0, 'ord': 0, 'queue': 0, 'reps': 0, 'type': 0, 'usn': -1}
[1483824038] sched.py:answerCard(): 
[1483824038] cards.py:flushSched(): {'data': u'', 'did': 1, 'due': 1483824111, 'factor': 0, 'flags': 0, 'id': 1483823759885L, 'ivl': 0, 'lapses': 0, 'left': 2002, 'mod': 1483824038, 'nid': 1483823742877L, 'odid': 0, 'odue': 0, 'ord': 0, 'queue': 1, 'reps': 1, 'type': 1, 'usn': -1, 'wasNew': True}
[1483824038] sched.py:getCard(): {'data': u'', 'did': 1, 'due': 6, 'factor': 0, 'flags': 0, 'id': 1483823986008L, 'ivl': 0, 'lapses': 0, 'left': 0, 'mod': 1483823986, 'nid': 1483823971457L, 'odid': 0, 'odue': 0, 'ord': 0, 'queue': 0, 'reps': 0, 'type': 0, 'usn': -1}
[1483824046] sched.py:answerCard(): 
[1483824046] cards.py:flushSched(): {'data': u'', 'did': 1, 'due': 5, 'factor': 2500, 'flags': 0, 'id': 1483823986008L, 'ivl': 5, 'lapses': 0, 'left': 2002, 'mod': 1483824046, 'nid': 1483823971457L, 'odid': 0, 'odue': 0, 'ord': 0, 'queue': 2, 'reps': 1, 'type': 2, 'usn': -1, 'wasNew': True}
[1483824046] sched.py:getCard(): {'data': u'', 'did': 1, 'due': 7, 'factor': 0, 'flags': 0, 'id': 1483823998994L, 'ivl': 0, 'lapses': 0, 'left': 0, 'mod': 1483823998, 'nid': 1483823986062L, 'odid': 0, 'odue': 0, 'ord': 0, 'queue': 0, 'reps': 0, 'type': 0, 'usn': -1}
[1483824052] sched.py:answerCard(): 
[1483824052] cards.py:flushSched(): {'data': u'', 'did': 1, 'due': 3, 'factor': 2500, 'flags': 0, 'id': 1483823998994L, 'ivl': 3, 'lapses': 0, 'left': 2002, 'mod': 1483824052, 'nid': 1483823986062L, 'odid': 0, 'odue': 0, 'ord': 0, 'queue': 2, 'reps': 1, 'type': 2, 'usn': -1, 'wasNew': True}
[1483824052] sched.py:getCard(): {'data': u'', 'did': 1, 'due': 1483824111, 'factor': 0, 'flags': 0, 'id': 1483823759885L, 'ivl': 0, 'lapses': 0, 'left': 2002, 'mod': 1483824038, 'nid': 1483823742877L, 'odid': 0, 'odue': 0, 'ord': 0, 'queue': 1, 'reps': 1, 'type': 1, 'usn': -1}
[1483824064] sched.py:answerCard(): 
[1483824064] cards.py:flushSched(): {'data': u'', 'did': 1, 'due': 5, 'factor': 2500, 'flags': 0, 'id': 1483823759885L, 'ivl': 5, 'lapses': 0, 'left': 2002, 'mod': 1483824064, 'nid': 1483823742877L, 'odid': 0, 'odue': 0, 'ord': 0, 'queue': 2, 'reps': 2, 'type': 2, 'usn': -1, 'wasNew': False}
[1483824138] cards.py:flush(): {'crt': 1483824138, 'data': '', 'did': 1, 'due': 8, 'factor': 0, 'flags': 0, 'id': 1483824138259L, 'ivl': 0, 'lapses': 0, 'left': 0, 'mod': 1483824138, 'nid': 1483824119691L, 'odid': 0, 'odue': 0, 'ord': 0, 'queue': 0, 'reps': 0, 'type': 0, 'usn': -1}
[1483824146] cards.py:flush(): {'crt': 1483824146, 'data': '', 'did': 1, 'due': 9, 'factor': 0, 'flags': 0, 'id': 1483824146817L, 'ivl': 0, 'lapses': 0, 'left': 0, 'mod': 1483824146, 'nid': 1483824138306L, 'odid': 0, 'odue': 0, 'ord': 0, 'queue': 0, 'reps': 0, 'type': 0, 'usn': -1}
[1483824166] cards.py:flush(): {'crt': 1483824166, 'data': '', 'did': 1, 'due': 10, 'factor': 0, 'flags': 0, 'id': 1483824166385L, 'ivl': 0, 'lapses': 0, 'left': 0, 'mod': 1483824166, 'nid': 1483824146821L, 'odid': 0, 'odue': 0, 'ord': 0, 'queue': 0, 'reps': 0, 'type': 0, 'usn': -1}
[1483824173] cards.py:flush(): {'crt': 1483824173, 'data': '', 'did': 1, 'due': 11, 'factor': 0, 'flags': 0, 'id': 1483824173811L, 'ivl': 0, 'lapses': 0, 'left': 0, 'mod': 1483824173, 'nid': 1483824166390L, 'odid': 0, 'odue': 0, 'ord': 0, 'queue': 0, 'reps': 0, 'type': 0, 'usn': -1}
[1483824181] cards.py:flush(): {'crt': 1483824181, 'data': '', 'did': 1, 'due': 12, 'factor': 0, 'flags': 0, 'id': 1483824181072L, 'ivl': 0, 'lapses': 0, 'left': 0, 'mod': 1483824181, 'nid': 1483824173817L, 'odid': 0, 'odue': 0, 'ord': 0, 'queue': 0, 'reps': 0, 'type': 0, 'usn': -1}
[1483824225] cards.py:flush(): {'crt': 1483824225, 'data': '', 'did': 1, 'due': 13, 'factor': 0, 'flags': 0, 'id': 1483824225259L, 'ivl': 0, 'lapses': 0, 'left': 0, 'mod': 1483824225, 'nid': 1483824196577L, 'odid': 0, 'odue': 0, 'ord': 0, 'queue': 0, 'reps': 0, 'type': 0, 'usn': -1}
[1483824233] cards.py:flush(): {'crt': 1483824233, 'data': '', 'did': 1, 'due': 14, 'factor': 0, 'flags': 0, 'id': 1483824233698L, 'ivl': 0, 'lapses': 0, 'left': 0, 'mod': 1483824233, 'nid': 1483824225306L, 'odid': 0, 'odue': 0, 'ord': 0, 'queue': 0, 'reps': 0, 'type': 0, 'usn': -1}
[1483824243] cards.py:flush(): {'crt': 1483824243, 'data': '', 'did': 1, 'due': 15, 'factor': 0, 'flags': 0, 'id': 1483824243622L, 'ivl': 0, 'lapses': 0, 'left': 0, 'mod': 1483824243, 'nid': 1483824233703L, 'odid': 0, 'odue': 0, 'ord': 0, 'queue': 0, 'reps': 0, 'type': 0, 'usn': -1}
[1483824251] cards.py:flush(): {'crt': 1483824251, 'data': '', 'did': 1, 'due': 16, 'factor': 0, 'flags': 0, 'id': 1483824251654L, 'ivl': 0, 'lapses': 0, 'left': 0, 'mod': 1483824251, 'nid': 1483824243628L, 'odid': 0, 'odue': 0, 'ord': 0, 'queue': 0, 'reps': 0, 'type': 0, 'usn': -1}
[1483824264] cards.py:flush(): {'crt': 1483824264, 'data': '', 'did': 1, 'due': 17, 'factor': 0, 'flags': 0, 'id': 1483824264950L, 'ivl': 0, 'lapses': 0, 'left': 0, 'mod': 1483824264, 'nid': 1483824251659L, 'odid': 0, 'odue': 0, 'ord': 0, 'queue': 0, 'reps': 0, 'type': 0, 'usn': -1}
[1483824292] cards.py:flush(): {'crt': 1483824292, 'data': '', 'did': 1, 'due': 18, 'factor': 0, 'flags': 0, 'id': 1483824292528L, 'ivl': 0, 'lapses': 0, 'left': 0, 'mod': 1483824292, 'nid': 1483824264955L, 'odid': 0, 'odue': 0, 'ord': 0, 'queue': 0, 'reps': 0, 'type': 0, 'usn': -1}
[1483824304] cards.py:flush(): {'crt': 1483824304, 'data': '', 'did': 1, 'due': 19, 'factor': 0, 'flags': 0, 'id': 1483824304512L, 'ivl': 0, 'lapses': 0, 'left': 0, 'mod': 1483824304, 'nid': 1483824292538L, 'odid': 0, 'odue': 0, 'ord': 0, 'queue': 0, 'reps': 0, 'type': 0, 'usn': -1}
[1483824313] cards.py:flush(): {'crt': 1483824313, 'data': '', 'did': 1, 'due': 20, 'factor': 0, 'flags': 0, 'id': 1483824313116L, 'ivl': 0, 'lapses': 0, 'left': 0, 'mod': 1483824313, 'nid': 1483824304516L, 'odid': 0, 'odue': 0, 'ord': 0, 'queue': 0, 'reps': 0, 'type': 0, 'usn': -1}
[1483824320] cards.py:flush(): {'crt': 1483824320, 'data': '', 'did': 1, 'due': 21, 'factor': 0, 'flags': 0, 'id': 1483824320258L, 'ivl': 0, 'lapses': 0, 'left': 0, 'mod': 1483824320, 'nid': 1483824313121L, 'odid': 0, 'odue': 0, 'ord': 0, 'queue': 0, 'reps': 0, 'type': 0, 'usn': -1}
[1483824331] cards.py:flush(): {'crt': 1483824331, 'data': '', 'did': 1, 'due': 22, 'factor': 0, 'flags': 0, 'id': 1483824331992L, 'ivl': 0, 'lapses': 0, 'left': 0, 'mod': 1483824331, 'nid': 1483824320262L, 'odid': 0, 'odue': 0, 'ord': 0, 'queue': 0, 'reps': 0, 'type': 0, 'usn': -1}
[1483824338] cards.py:flush(): {'crt': 1483824338, 'data': '', 'did': 1, 'due': 23, 'factor': 0, 'flags': 0, 'id': 1483824338751L, 'ivl': 0, 'lapses': 0, 'left': 0, 'mod': 1483824338, 'nid': 1483824331997L, 'odid': 0, 'odue': 0, 'ord': 0, 'queue': 0, 'reps': 0, 'type': 0, 'usn': -1}
[1483824345] cards.py:flush(): {'crt': 1483824345, 'data': '', 'did': 1, 'due': 24, 'factor': 0, 'flags': 0, 'id': 1483824345980L, 'ivl': 0, 'lapses': 0, 'left': 0, 'mod': 1483824345, 'nid': 1483824338756L, 'odid': 0, 'odue': 0, 'ord': 0, 'queue': 0, 'reps': 0, 'type': 0, 'usn': -1}
[1483824364] cards.py:flush(): {'crt': 1483824364, 'data': '', 'did': 1, 'due': 25, 'factor': 0, 'flags': 0, 'id': 1483824364472L, 'ivl': 0, 'lapses': 0, 'left': 0, 'mod': 1483824364, 'nid': 1483824345985L, 'odid': 0, 'odue': 0, 'ord': 0, 'queue': 0, 'reps': 0, 'type': 0, 'usn': -1}
[1483824373] cards.py:flush(): {'crt': 1483824373, 'data': '', 'did': 1, 'due': 26, 'factor': 0, 'flags': 0, 'id': 1483824373329L, 'ivl': 0, 'lapses': 0, 'left': 0, 'mod': 1483824373, 'nid': 1483824364477L, 'odid': 0, 'odue': 0, 'ord': 0, 'queue': 0, 'reps': 0, 'type': 0, 'usn': -1}
[1483824379] cards.py:flush(): {'crt': 1483824379, 'data': '', 'did': 1, 'due': 27, 'factor': 0, 'flags': 0, 'id': 1483824379542L, 'ivl': 0, 'lapses': 0, 'left': 0, 'mod': 1483824379, 'nid': 1483824373334L, 'odid': 0, 'odue': 0, 'ord': 0, 'queue': 0, 'reps': 0, 'type': 0, 'usn': -1}
[1483824385] cards.py:flush(): {'crt': 1483824385, 'data': '', 'did': 1, 'due': 28, 'factor': 0, 'flags': 0, 'id': 1483824385379L, 'ivl': 0, 'lapses': 0, 'left': 0, 'mod': 1483824385, 'nid': 1483824379547L, 'odid': 0, 'odue': 0, 'ord': 0, 'queue': 0, 'reps': 0, 'type': 0, 'usn': -1}
[1483824391] cards.py:flush(): {'crt': 1483824391, 'data': '', 'did': 1, 'due': 29, 'factor': 0, 'flags': 0, 'id': 1483824391845L, 'ivl': 0, 'lapses': 0, 'left': 0, 'mod': 1483824391, 'nid': 1483824385385L, 'odid': 0, 'odue': 0, 'ord': 0, 'queue': 0, 'reps': 0, 'type': 0, 'usn': -1}
[1483824397] cards.py:flush(): {'crt': 1483824397, 'data': '', 'did': 1, 'due': 30, 'factor': 0, 'flags': 0, 'id': 1483824397914L, 'ivl': 0, 'lapses': 0, 'left': 0, 'mod': 1483824397, 'nid': 1483824391851L, 'odid': 0, 'odue': 0, 'ord': 0, 'queue': 0, 'reps': 0, 'type': 0, 'usn': -1}
[1483824405] cards.py:flush(): {'crt': 1483824405, 'data': '', 'did': 1, 'due': 31, 'factor': 0, 'flags': 0, 'id': 1483824405165L, 'ivl': 0, 'lapses': 0, 'left': 0, 'mod': 1483824405, 'nid': 1483824397918L, 'odid': 0, 'odue': 0, 'ord': 0, 'queue': 0, 'reps': 0, 'type': 0, 'usn': -1}
[1483824413] cards.py:flush(): {'crt': 1483824413, 'data': '', 'did': 1, 'due': 32, 'factor': 0, 'flags': 0, 'id': 1483824413942L, 'ivl': 0, 'lapses': 0, 'left': 0, 'mod': 1483824413, 'nid': 1483824405170L, 'odid': 0, 'odue': 0, 'ord': 0, 'queue': 0, 'reps': 0, 'type': 0, 'usn': -1}
[1483824499] cards.py:flush(): {'crt': 1483824499, 'data': '', 'did': 1, 'due': 33, 'factor': 0, 'flags': 0, 'id': 1483824499237L, 'ivl': 0, 'lapses': 0, 'left': 0, 'mod': 1483824499, 'nid': 1483824473377L, 'odid': 0, 'odue': 0, 'ord': 0, 'queue': 0, 'reps': 0, 'type': 0, 'usn': -1}
[1483824507] cards.py:flush(): {'crt': 1483824507, 'data': '', 'did': 1, 'due': 34, 'factor': 0, 'flags': 0, 'id': 1483824507980L, 'ivl': 0, 'lapses': 0, 'left': 0, 'mod': 1483824507, 'nid': 1483824499285L, 'odid': 0, 'odue': 0, 'ord': 0, 'queue': 0, 'reps': 0, 'type': 0, 'usn': -1}
[1483824513] cards.py:flush(): {'crt': 1483824513, 'data': '', 'did': 1, 'due': 35, 'factor': 0, 'flags': 0, 'id': 1483824513658L, 'ivl': 0, 'lapses': 0, 'left': 0, 'mod': 1483824513, 'nid': 1483824507986L, 'odid': 0, 'odue': 0, 'ord': 0, 'queue': 0, 'reps': 0, 'type': 0, 'usn': -1}
[1483824521] cards.py:flush(): {'crt': 1483824521, 'data': '', 'did': 1, 'due': 36, 'factor': 0, 'flags': 0, 'id': 1483824521633L, 'ivl': 0, 'lapses': 0, 'left': 0, 'mod': 1483824521, 'nid': 1483824513662L, 'odid': 0, 'odue': 0, 'ord': 0, 'queue': 0, 'reps': 0, 'type': 0, 'usn': -1}
[1483824527] cards.py:flush(): {'crt': 1483824527, 'data': '', 'did': 1, 'due': 37, 'factor': 0, 'flags': 0, 'id': 1483824527710L, 'ivl': 0, 'lapses': 0, 'left': 0, 'mod': 1483824527, 'nid': 1483824521638L, 'odid': 0, 'odue': 0, 'ord': 0, 'queue': 0, 'reps': 0, 'type': 0, 'usn': -1}
[1483824534] cards.py:flush(): {'crt': 1483824534, 'data': '', 'did': 1, 'due': 38, 'factor': 0, 'flags': 0, 'id': 1483824534229L, 'ivl': 0, 'lapses': 0, 'left': 0, 'mod': 1483824534, 'nid': 1483824527715L, 'odid': 0, 'odue': 0, 'ord': 0, 'queue': 0, 'reps': 0, 'type': 0, 'usn': -1}
[1483824539] cards.py:flush(): {'crt': 1483824539, 'data': '', 'did': 1, 'due': 39, 'factor': 0, 'flags': 0, 'id': 1483824539196L, 'ivl': 0, 'lapses': 0, 'left': 0, 'mod': 1483824539, 'nid': 1483824534233L, 'odid': 0, 'odue': 0, 'ord': 0, 'queue': 0, 'reps': 0, 'type': 0, 'usn': -1}
[1483824543] cards.py:flush(): {'crt': 1483824543, 'data': '', 'did': 1, 'due': 40, 'factor': 0, 'flags': 0, 'id': 1483824543596L, 'ivl': 0, 'lapses': 0, 'left': 0, 'mod': 1483824543, 'nid': 1483824539202L, 'odid': 0, 'odue': 0, 'ord': 0, 'queue': 0, 'reps': 0, 'type': 0, 'usn': -1}
[1483824553] cards.py:flush(): {'crt': 1483824553, 'data': '', 'did': 1, 'due': 41, 'factor': 0, 'flags': 0, 'id': 1483824553523L, 'ivl': 0, 'lapses': 0, 'left': 0, 'mod': 1483824553, 'nid': 1483824543601L, 'odid': 0, 'odue': 0, 'ord': 0, 'queue': 0, 'reps': 0, 'type': 0, 'usn': -1}
[1483824558] cards.py:flush(): {'crt': 1483824558, 'data': '', 'did': 1, 'due': 42, 'factor': 0, 'flags': 0, 'id': 1483824558716L, 'ivl': 0, 'lapses': 0, 'left': 0, 'mod': 1483824558, 'nid': 1483824553527L, 'odid': 0, 'odue': 0, 'ord': 0, 'queue': 0, 'reps': 0, 'type': 0, 'usn': -1}
[1483824567] cards.py:flush(): {'crt': 1483824567, 'data': '', 'did': 1, 'due': 43, 'factor': 0, 'flags': 0, 'id': 1483824567279L, 'ivl': 0, 'lapses': 0, 'left': 0, 'mod': 1483824567, 'nid': 1483824558721L, 'odid': 0, 'odue': 0, 'ord': 0, 'queue': 0, 'reps': 0, 'type': 0, 'usn': -1}
[1483824581] cards.py:flush(): {'crt': 1483824581, 'data': '', 'did': 1, 'due': 44, 'factor': 0, 'flags': 0, 'id': 1483824581066L, 'ivl': 0, 'lapses': 0, 'left': 0, 'mod': 1483824581, 'nid': 1483824567285L, 'odid': 0, 'odue': 0, 'ord': 0, 'queue': 0, 'reps': 0, 'type': 0, 'usn': -1}
[1483824589] cards.py:flush(): {'crt': 1483824589, 'data': '', 'did': 1, 'due': 45, 'factor': 0, 'flags': 0, 'id': 1483824589750L, 'ivl': 0, 'lapses': 0, 'left': 0, 'mod': 1483824589, 'nid': 1483824581071L, 'odid': 0, 'odue': 0, 'ord': 0, 'queue': 0, 'reps': 0, 'type': 0, 'usn': -1}
[1483824597] cards.py:flush(): {'crt': 1483824597, 'data': '', 'did': 1, 'due': 46, 'factor': 0, 'flags': 0, 'id': 1483824597294L, 'ivl': 0, 'lapses': 0, 'left': 0, 'mod': 1483824597, 'nid': 1483824589755L, 'odid': 0, 'odue': 0, 'ord': 0, 'queue': 0, 'reps': 0, 'type': 0, 'usn': -1}
[1483824604] cards.py:flush(): {'crt': 1483824604, 'data': '', 'did': 1, 'due': 47, 'factor': 0, 'flags': 0, 'id': 1483824604178L, 'ivl': 0, 'lapses': 0, 'left': 0, 'mod': 1483824604, 'nid': 1483824597298L, 'odid': 0, 'odue': 0, 'ord': 0, 'queue': 0, 'reps': 0, 'type': 0, 'usn': -1}
[1483824610] cards.py:flush(): {'crt': 1483824610, 'data': '', 'did': 1, 'due': 48, 'factor': 0, 'flags': 0, 'id': 1483824610208L, 'ivl': 0, 'lapses': 0, 'left': 0, 'mod': 1483824610, 'nid': 1483824604182L, 'odid': 0, 'odue': 0, 'ord': 0, 'queue': 0, 'reps': 0, 'type': 0, 'usn': -1}
[1483824619] cards.py:flush(): {'crt': 1483824619, 'data': '', 'did': 1, 'due': 49, 'factor': 0, 'flags': 0, 'id': 1483824619664L, 'ivl': 0, 'lapses': 0, 'left': 0, 'mod': 1483824619, 'nid': 1483824610213L, 'odid': 0, 'odue': 0, 'ord': 0, 'queue': 0, 'reps': 0, 'type': 0, 'usn': -1}
[1483824623] cards.py:flush(): {'crt': 1483824623, 'data': '', 'did': 1, 'due': 50, 'factor': 0, 'flags': 0, 'id': 1483824623360L, 'ivl': 0, 'lapses': 0, 'left': 0, 'mod': 1483824623, 'nid': 1483824619669L, 'odid': 0, 'odue': 0, 'ord': 0, 'queue': 0, 'reps': 0, 'type': 0, 'usn': -1}
[1483824627] cards.py:flush(): {'crt': 1483824627, 'data': '', 'did': 1, 'due': 51, 'factor': 0, 'flags': 0, 'id': 1483824627476L, 'ivl': 0, 'lapses': 0, 'left': 0, 'mod': 1483824627, 'nid': 1483824623365L, 'odid': 0, 'odue': 0, 'ord': 0, 'queue': 0, 'reps': 0, 'type': 0, 'usn': -1}
[1483824635] cards.py:flush(): {'crt': 1483824635, 'data': '', 'did': 1, 'due': 52, 'factor': 0, 'flags': 0, 'id': 1483824635077L, 'ivl': 0, 'lapses': 0, 'left': 0, 'mod': 1483824635, 'nid': 1483824627481L, 'odid': 0, 'odue': 0, 'ord': 0, 'queue': 0, 'reps': 0, 'type': 0, 'usn': -1}
[1483824638] cards.py:flush(): {'crt': 1483824638, 'data': '', 'did': 1, 'due': 53, 'factor': 0, 'flags': 0, 'id': 1483824638522L, 'ivl': 0, 'lapses': 0, 'left': 0, 'mod': 1483824638, 'nid': 1483824635083L, 'odid': 0, 'odue': 0, 'ord': 0, 'queue': 0, 'reps': 0, 'type': 0, 'usn': -1}
[1483824646] cards.py:flush(): {'crt': 1483824646, 'data': '', 'did': 1, 'due': 54, 'factor': 0, 'flags': 0, 'id': 1483824646198L, 'ivl': 0, 'lapses': 0, 'left': 0, 'mod': 1483824646, 'nid': 1483824638528L, 'odid': 0, 'odue': 0, 'ord': 0, 'queue': 0, 'reps': 0, 'type': 0, 'usn': -1}
[1483824664] cards.py:flush(): {'crt': 1483824664, 'data': '', 'did': 1, 'due': 55, 'factor': 0, 'flags': 0, 'id': 1483824664183L, 'ivl': 0, 'lapses': 0, 'left': 0, 'mod': 1483824664, 'nid': 1483824646203L, 'odid': 0, 'odue': 0, 'ord': 0, 'queue': 0, 'reps': 0, 'type': 0, 'usn': -1}
[1483824669] cards.py:flush(): {'crt': 1483824669, 'data': '', 'did': 1, 'due': 56, 'factor': 0, 'flags': 0, 'id': 1483824669033L, 'ivl': 0, 'lapses': 0, 'left': 0, 'mod': 1483824669, 'nid': 1483824664188L, 'odid': 0, 'odue': 0, 'ord': 0, 'queue': 0, 'reps': 0, 'type': 0, 'usn': -1}
[1483824674] cards.py:flush(): {'crt': 1483824674, 'data': '', 'did': 1, 'due': 57, 'factor': 0, 'flags': 0, 'id': 1483824674832L, 'ivl': 0, 'lapses': 0, 'left': 0, 'mod': 1483824674, 'nid': 1483824669038L, 'odid': 0, 'odue': 0, 'ord': 0, 'queue': 0, 'reps': 0, 'type': 0, 'usn': -1}
[1483824679] cards.py:flush(): {'crt': 1483824679, 'data': '', 'did': 1, 'due': 58, 'factor': 0, 'flags': 0, 'id': 1483824679020L, 'ivl': 0, 'lapses': 0, 'left': 0, 'mod': 1483824679, 'nid': 1483824674836L, 'odid': 0, 'odue': 0, 'ord': 0, 'queue': 0, 'reps': 0, 'type': 0, 'usn': -1}
[1483824683] cards.py:flush(): {'crt': 1483824683, 'data': '', 'did': 1, 'due': 59, 'factor': 0, 'flags': 0, 'id': 1483824683837L, 'ivl': 0, 'lapses': 0, 'left': 0, 'mod': 1483824683, 'nid': 1483824679024L, 'odid': 0, 'odue': 0, 'ord': 0, 'queue': 0, 'reps': 0, 'type': 0, 'usn': -1}
[1483824689] cards.py:flush(): {'crt': 1483824689, 'data': '', 'did': 1, 'due': 60, 'factor': 0, 'flags': 0, 'id': 1483824689239L, 'ivl': 0, 'lapses': 0, 'left': 0, 'mod': 1483824689, 'nid': 1483824683842L, 'odid': 0, 'odue': 0, 'ord': 0, 'queue': 0, 'reps': 0, 'type': 0, 'usn': -1}
[1483824695] cards.py:flush(): {'crt': 1483824695, 'data': '', 'did': 1, 'due': 61, 'factor': 0, 'flags': 0, 'id': 1483824695885L, 'ivl': 0, 'lapses': 0, 'left': 0, 'mod': 1483824695, 'nid': 1483824689244L, 'odid': 0, 'odue': 0, 'ord': 0, 'queue': 0, 'reps': 0, 'type': 0, 'usn': -1}
[1483824699] cards.py:flush(): {'crt': 1483824699, 'data': '', 'did': 1, 'due': 62, 'factor': 0, 'flags': 0, 'id': 1483824699993L, 'ivl': 0, 'lapses': 0, 'left': 0, 'mod': 1483824699, 'nid': 1483824695890L, 'odid': 0, 'odue': 0, 'ord': 0, 'queue': 0, 'reps': 0, 'type': 0, 'usn': -1}
[1483824705] cards.py:flush(): {'crt': 1483824705, 'data': '', 'did': 1, 'due': 63, 'factor': 0, 'flags': 0, 'id': 1483824705891L, 'ivl': 0, 'lapses': 0, 'left': 0, 'mod': 1483824705, 'nid': 1483824699998L, 'odid': 0, 'odue': 0, 'ord': 0, 'queue': 0, 'reps': 0, 'type': 0, 'usn': -1}
[1483824712] cards.py:flush(): {'crt': 1483824712, 'data': '', 'did': 1, 'due': 64, 'factor': 0, 'flags': 0, 'id': 1483824712455L, 'ivl': 0, 'lapses': 0, 'left': 0, 'mod': 1483824712, 'nid': 1483824705895L, 'odid': 0, 'odue': 0, 'ord': 0, 'queue': 0, 'reps': 0, 'type': 0, 'usn': -1}
[1483824721] cards.py:flush(): {'crt': 1483824721, 'data': '', 'did': 1, 'due': 65, 'factor': 0, 'flags': 0, 'id': 1483824721651L, 'ivl': 0, 'lapses': 0, 'left': 0, 'mod': 1483824721, 'nid': 1483824712461L, 'odid': 0, 'odue': 0, 'ord':